2022-10-19 17:08:15.726 [main] INFO  cn.edu.xmu.JavaEE_Exp1.JavaEeExp1Application - Starting JavaEeExp1Application using Java 17.0.4.1 on peng with PID 17000 (C:\Users\14339\Desktop\JavaEE_Exp1\target\classes started by 14339 in C:\Users\14339\Desktop\JavaEE_Exp1)
2022-10-19 17:08:15.730 [main] INFO  cn.edu.xmu.JavaEE_Exp1.JavaEeExp1Application - No active profile set, falling back to 1 default profile: "default"
2022-10-19 17:08:17.911 [main] INFO  o.s.boot.web.embedded.tomcat.TomcatWebServer - Tomcat initialized with port(s): 8080 (http)
2022-10-19 17:08:17.928 [main] INFO  org.apache.coyote.http11.Http11NioProtocol - Initializing ProtocolHandler ["http-nio-8080"]
2022-10-19 17:08:17.956 [main] INFO  org.apache.catalina.core.StandardService - Starting service [Tomcat]
2022-10-19 17:08:17.957 [main] INFO  org.apache.catalina.core.StandardEngine - Starting Servlet engine: [Apache Tomcat/9.0.65]
2022-10-19 17:08:18.290 [main] INFO  o.a.c.core.ContainerBase.[Tomcat].[localhost].[/] - Initializing Spring embedded WebApplicationContext
2022-10-19 17:08:18.290 [main] INFO  o.s.b.w.s.c.ServletWebServerApplicationContext - Root WebApplicationContext: initialization completed in 2469 ms
2022-10-19 17:08:18.526 [main] INFO  c.a.d.s.b.a.DruidDataSourceAutoConfigure - Init DruidDataSource
2022-10-19 17:08:19.477 [main] INFO  com.alibaba.druid.pool.DruidDataSource - {dataSource-1} inited
2022-10-19 17:08:20.374 [main] INFO  org.apache.coyote.http11.Http11NioProtocol - Starting ProtocolHandler ["http-nio-8080"]
2022-10-19 17:08:20.411 [main] INFO  o.s.boot.web.embedded.tomcat.TomcatWebServer - Tomcat started on port(s): 8080 (http) with context path ''
2022-10-19 17:08:20.425 [main] INFO  cn.edu.xmu.JavaEE_Exp1.JavaEeExp1Application - Started JavaEeExp1Application in 5.596 seconds (JVM running for 7.004)
2022-10-19 17:08:47.750 [SpringApplicationShutdownHook] INFO  com.alibaba.druid.pool.DruidDataSource - {dataSource-1} closing ...
2022-10-19 17:08:47.762 [SpringApplicationShutdownHook] INFO  com.alibaba.druid.pool.DruidDataSource - {dataSource-1} closed
2022-10-19 17:08:53.821 [main] INFO  cn.edu.xmu.JavaEE_Exp1.JavaEeExp1Application - Starting JavaEeExp1Application using Java 17.0.4.1 on peng with PID 16200 (C:\Users\14339\Desktop\JavaEE_Exp1\target\classes started by 14339 in C:\Users\14339\Desktop\JavaEE_Exp1)
2022-10-19 17:08:53.827 [main] INFO  cn.edu.xmu.JavaEE_Exp1.JavaEeExp1Application - No active profile set, falling back to 1 default profile: "default"
2022-10-19 17:08:55.694 [main] INFO  o.s.boot.web.embedded.tomcat.TomcatWebServer - Tomcat initialized with port(s): 8080 (http)
2022-10-19 17:08:55.710 [main] INFO  org.apache.coyote.http11.Http11NioProtocol - Initializing ProtocolHandler ["http-nio-8080"]
2022-10-19 17:08:55.711 [main] INFO  org.apache.catalina.core.StandardService - Starting service [Tomcat]
2022-10-19 17:08:55.711 [main] INFO  org.apache.catalina.core.StandardEngine - Starting Servlet engine: [Apache Tomcat/9.0.65]
2022-10-19 17:08:55.879 [main] INFO  o.a.c.core.ContainerBase.[Tomcat].[localhost].[/] - Initializing Spring embedded WebApplicationContext
2022-10-19 17:08:55.880 [main] INFO  o.s.b.w.s.c.ServletWebServerApplicationContext - Root WebApplicationContext: initialization completed in 1946 ms
2022-10-19 17:08:56.114 [main] INFO  c.a.d.s.b.a.DruidDataSourceAutoConfigure - Init DruidDataSource
2022-10-19 17:08:56.839 [main] INFO  com.alibaba.druid.pool.DruidDataSource - {dataSource-1} inited
2022-10-19 17:08:57.774 [main] INFO  org.apache.coyote.http11.Http11NioProtocol - Starting ProtocolHandler ["http-nio-8080"]
2022-10-19 17:08:57.805 [main] INFO  o.s.boot.web.embedded.tomcat.TomcatWebServer - Tomcat started on port(s): 8080 (http) with context path ''
2022-10-19 17:08:57.820 [main] INFO  cn.edu.xmu.JavaEE_Exp1.JavaEeExp1Application - Started JavaEeExp1Application in 4.757 seconds (JVM running for 5.885)
2022-10-19 17:09:21.027 [http-nio-8080-exec-1] INFO  o.a.c.core.ContainerBase.[Tomcat].[localhost].[/] - Initializing Spring DispatcherServlet 'dispatcherServlet'
2022-10-19 17:09:21.027 [http-nio-8080-exec-1] INFO  org.springframework.web.servlet.DispatcherServlet - Initializing Servlet 'dispatcherServlet'
2022-10-19 17:09:21.028 [http-nio-8080-exec-1] INFO  org.springframework.web.servlet.DispatcherServlet - Completed initialization in 1 ms
2022-10-19 17:12:26.500 [SpringApplicationShutdownHook] INFO  com.alibaba.druid.pool.DruidDataSource - {dataSource-1} closing ...
2022-10-19 17:12:26.508 [SpringApplicationShutdownHook] INFO  com.alibaba.druid.pool.DruidDataSource - {dataSource-1} closed
